
Root grid = 2 x 2 x 2 MeshBlocks
Total number of MeshBlocks = 8
Number of logical  levels of refinement = 1 (2 levels total)
Number of physical levels of refinement = 0 (1 levels total)
Number of parallel ranks = 4
  Rank = 0: 2 MeshBlocks, cost = 2
  Rank = 1: 2 MeshBlocks, cost = 2
  Rank = 2: 2 MeshBlocks, cost = 2
  Rank = 3: 2 MeshBlocks, cost = 2
Load Balancing:
  Maximum normalized cost = 1, Average = 1
Multigrid root grid levels: 2
Multigrid root grid levels: 2
Multigrid root grid levels: 2
Multigrid root grid levels: 2
Number of MeshBlocks in the pack: 2
MeshBlock size: 16 x 16 x 16
Number of MeshBlocks in the pack: 2
MeshBlock size: 16 x 16 x 16
Number of MeshBlocks in the pack: 2
MeshBlock size: 16 x 16 x 16
Number of MeshBlocks in the pack: 2
MeshBlock size: 16 x 16 x 16
AssembleZ4cTasks
AssembleZ4cTasks
AssembleZ4cTasks
AssembleZ4cTasks
Initialized critical Kerr conformal CTS free data. Native <id_solve> will solve the constraints before Z4c evolution.
Initialized critical Kerr conformal CTS free data. Native <id_solve> will solve the constraints before Z4c evolution.
Initialized critical Kerr conformal CTS free data. Native <id_solve> will solve the constraints before Z4c evolution.
Initialized critical Kerr conformal CTS free data. Native <id_solve> will solve the constraints before Z4c evolution.

Setup complete, executing task list(s)...

elapsed=3.014621e-02 cycle=0 time=0.000000e+00 dt=1.000000e-03
IDSolve initial CTS defect = 2.650096e-06 (total = 1.987420e-05)
MG initial defect = 1.987420e-05
IDSolve initial CTS defect = 2.6501e-06 (total = 1.98742e-05)
MG initial defect = 1.98742e-05
IDSolve initial CTS defect = 2.6501e-06 (total = 1.98742e-05)
MG initial defect = 1.98742e-05
IDSolve initial CTS defect = 2.6501e-06 (total = 1.98742e-05)
MG initial defect = 1.98742e-05
  MG iteration 0: defect = 1.84656e-05
  MG iteration 0: defect = 1.84656e-05
  MG iteration 0: defect = 1.846561e-05
  MG iteration 0: defect = 1.84656e-05
  MG iteration 1: defect = 1.72316e-05
  MG iteration 1: defect = 1.723158e-05
  MG iteration 1: defect = 1.72316e-05
  MG iteration 1: defect = 1.72316e-05
  MG iteration 2: defect = 1.613770e-05
  MG iteration 2: defect = 1.61377e-05
  MG iteration 2: defect = 1.61377e-05
  MG iteration 2: defect = 1.61377e-05
  MG iteration 3: defect = 1.51841e-05
  MG iteration 3: defect = 1.51841e-05
  MG iteration 3: defect = 1.518411e-05
  MG iteration 3: defect = 1.51841e-05
  MG iteration 4: defect = 1.43016e-05
  MG iteration 4: defect = 1.43016e-05
  MG iteration 4: defect = 1.43016e-05
  MG iteration 4: defect = 1.430163e-05
  MG iteration 5: defect = 1.35018e-05
  MG iteration 5: defect = 1.35018e-05
  MG iteration 5: defect = 1.35018e-05
  MG iteration 5: defect = 1.350177e-05
  MG iteration 6: defect = 1.27724e-05
  MG iteration 6: defect = 1.27724e-05
  MG iteration 6: defect = 1.27724e-05
  MG iteration 6: defect = 1.277242e-05
  MG iteration 7: defect = 1.21037e-05
IDSolve final CTS defect = 1.76896e-06 (total = 1.21037e-05)
  MG iteration 7: defect = 1.21037e-05
IDSolve final CTS defect = 1.76896e-06 (total = 1.21037e-05)
  MG iteration 7: defect = 1.210366e-05
IDSolve final CTS defect = 1.768955e-06 (total = 1.210366e-05)
  MG iteration 7: defect = 1.21037e-05
IDSolve final CTS defect = 1.76896e-06 (total = 1.21037e-05)
Stopping after native CTS id_solve; hyperbolic Z4c evolution was not advanced.
elapsed=1.239653e+01 cycle=0 time=0.000000e+00 dt=1.000000e-03

Terminating on cycle limit
time=0.000000e+00 cycle=0
tlim=1.000000e-03 nlim=0

MeshBlock-cycles = 0
cpu time used  = 1.236640e+01
zone-cycles/cpu_second = 0.000000e+00
particle-updates/cpu_second = 0.000000e+00
